Arguments: 
  C:\Program Files\nodejs\node.exe C:\Users\i826965\AppData\Roaming\npm\node_modules\yarn\bin\yarn.js install

PATH: 
  C:\Software\jdk-11.0.12.7\bin;C:\Software\jdk1.8.0_221\bin;C:\Software\Python38\Scripts\;C:\Software\Python38\;C:\Program Files (x86)\Common Files\Oracle\Java\javapath;C:\WINDOWS\system32;C:\WINDOWS;C:\WINDOWS\System32\Wbem;C:\WINDOWS\System32\WindowsPowerShell\v1.0\;C:\WINDOWS\System32\OpenSSH\;C:\Program Files\nodejs\;C:\Program Files (x86)\GnuWin32\bin;C:\Program Files\Git\cmd;C:\Users\i826965\AppData\Local\Microsoft\WindowsApps;C:\Software\VSCode\bin;c:\software;C:\Software\SAPCRYPTOLIBRARY;C:\Users\i826965\AppData\Roaming\npm

Yarn version: 
  1.22.17

Node version: 
  14.15.4

Platform: 
  win32 x64

Trace: 
  Error: getaddrinfo ENOTFOUND nexus.wdf.sap.corp
      at GetAddrInfoReqWrap.onlookup [as oncomplete] (dns.js:67:26)

npm manifest: 
  {
      "name": "devtoberfest2021-frontend-coding-challenge",
      "description": "The sample in this repository has \"built-in\" performance flaws for you to discover and fix during the Frontend Week Coding Challenge as part of Devtoberfest.",
      "version": "0.1.0",
      "author": "SAP SE",
      "license": "Apache-2.0",
      "scripts": {
          "start": "ui5 serve --open index.html",
          "serve": "ui5 serve",
          "build": "ui5 build --clean-dest --dest docs self-contained --all ",
          "prettier": "prettier -w .",
          "test": "run-s karma",
          "karma": "run-s clearCoverage karma-ci",
          "clearCoverage": "shx rm -rf coverage",
          "karma-ci": "karma start karma-ci.conf.js"
      },
      "devDependencies": {
          "@ui5/cli": "^2.14.0",
          "karma": "^6.3.8",
          "karma-chrome-launcher": "^3.1.0",
          "karma-coverage": "^2.0.3",
          "karma-ui5": "^2.3.4",
          "npm-run-all": "^4.1.5",
          "prettier": "^2.4.1",
          "shx": "^0.3.3",
          "ui5-middleware-livereload": "^0.5.8"
      },
      "ui5": {
          "dependencies": [
              "ui5-middleware-livereload"
          ]
      }
  }

yarn manifest: 
  No manifest

Lockfile: 
  No lockfile
